INFO - LoggingAdvice.invoke(117) |2022-08-11T17:34:44,496| In method AdministrationService.saveGlobalProperty. Arguments: GlobalProperty=property: legacyui.started value: true, 
INFO - LoggingAdvice.invoke(157) |2022-08-11T17:34:44,519| Exiting method saveGlobalProperty
INFO - LoggingAdvice.invoke(117) |2022-08-11T17:34:44,522| In method AdministrationService.saveGlobalProperty. Arguments: GlobalProperty=property: legacyui.mandatory value: false, 
INFO - LoggingAdvice.invoke(157) |2022-08-11T17:34:44,524| Exiting method saveGlobalProperty
INFO - LoggingAdvice.invoke(117) |2022-08-11T17:34:44,690| In method AdministrationService.saveGlobalProperty. Arguments: GlobalProperty=property: ohricore.started value: true, 
INFO - LoggingAdvice.invoke(157) |2022-08-11T17:34:44,691| Exiting method saveGlobalProperty
INFO - LoggingAdvice.invoke(117) |2022-08-11T17:34:44,694| In method AdministrationService.saveGlobalProperty. Arguments: GlobalProperty=property: ohricore.mandatory value: false, 
INFO - LoggingAdvice.invoke(157) |2022-08-11T17:34:44,696| Exiting method saveGlobalProperty
INFO - LoggingAdvice.invoke(117) |2022-08-11T17:34:45,131| In method AdministrationService.saveGlobalProperty. Arguments: GlobalProperty=property: fhir2.started value: true, 
INFO - LoggingAdvice.invoke(157) |2022-08-11T17:34:45,133| Exiting method saveGlobalProperty
INFO - LoggingAdvice.invoke(117) |2022-08-11T17:34:45,135| In method AdministrationService.saveGlobalProperty. Arguments: GlobalProperty=property: fhir2.mandatory value: false, 
INFO - LoggingAdvice.invoke(157) |2022-08-11T17:34:45,136| Exiting method saveGlobalProperty
INFO - LoggingAdvice.invoke(117) |2022-08-11T17:34:45,166| In method AdministrationService.saveGlobalProperty. Arguments: GlobalProperty=property: spa.started value: true, 
INFO - LoggingAdvice.invoke(157) |2022-08-11T17:34:45,168| Exiting method saveGlobalProperty
INFO - LoggingAdvice.invoke(117) |2022-08-11T17:34:45,170| In method AdministrationService.saveGlobalProperty. Arguments: GlobalProperty=property: spa.mandatory value: false, 
INFO - LoggingAdvice.invoke(157) |2022-08-11T17:34:45,175| Exiting method saveGlobalProperty
INFO - LoggingAdvice.invoke(117) |2022-08-11T17:34:45,213| In method AdministrationService.saveGlobalProperty. Arguments: GlobalProperty=property: reportingcompatibility.started value: true, 
INFO - LoggingAdvice.invoke(157) |2022-08-11T17:34:45,215| Exiting method saveGlobalProperty
INFO - LoggingAdvice.invoke(117) |2022-08-11T17:34:45,217| In method AdministrationService.saveGlobalProperty. Arguments: GlobalProperty=property: reportingcompatibility.mandatory value: false, 
INFO - LoggingAdvice.invoke(157) |2022-08-11T17:34:45,219| Exiting method saveGlobalProperty
INFO - LoggingAdvice.invoke(117) |2022-08-11T17:34:45,304| In method AdministrationService.saveGlobalProperty. Arguments: GlobalProperty=property: webservices.rest.started value: true, 
INFO - LoggingAdvice.invoke(157) |2022-08-11T17:34:45,306| Exiting method saveGlobalProperty
INFO - LoggingAdvice.invoke(117) |2022-08-11T17:34:45,308| In method AdministrationService.saveGlobalProperty. Arguments: GlobalProperty=property: webservices.rest.mandatory value: false, 
INFO - LoggingAdvice.invoke(157) |2022-08-11T17:34:45,311| Exiting method saveGlobalProperty
INFO - LoggingAdvice.invoke(117) |2022-08-11T17:34:45,419| In method AdministrationService.saveGlobalProperty. Arguments: GlobalProperty=property: cohort.started value: true, 
INFO - LoggingAdvice.invoke(157) |2022-08-11T17:34:45,421| Exiting method saveGlobalProperty
INFO - LoggingAdvice.invoke(117) |2022-08-11T17:34:45,423| In method AdministrationService.saveGlobalProperty. Arguments: GlobalProperty=property: cohort.mandatory value: false, 
INFO - LoggingAdvice.invoke(157) |2022-08-11T17:34:45,424| Exiting method saveGlobalProperty
INFO - LoggingAdvice.invoke(117) |2022-08-11T17:34:45,438| In method AdministrationService.saveGlobalProperty. Arguments: GlobalProperty=property: serialization.xstream.started value: true, 
INFO - LoggingAdvice.invoke(157) |2022-08-11T17:34:45,439| Exiting method saveGlobalProperty
INFO - LoggingAdvice.invoke(117) |2022-08-11T17:34:45,442| In method AdministrationService.saveGlobalProperty. Arguments: GlobalProperty=property: serialization.xstream.mandatory value: false, 
INFO - LoggingAdvice.invoke(157) |2022-08-11T17:34:45,445| Exiting method saveGlobalProperty
INFO - LoggingAdvice.invoke(117) |2022-08-11T17:34:45,556| In method AdministrationService.saveGlobalProperty. Arguments: GlobalProperty=property: uiframework.started value: true, 
INFO - LoggingAdvice.invoke(157) |2022-08-11T17:34:45,558| Exiting method saveGlobalProperty
INFO - LoggingAdvice.invoke(117) |2022-08-11T17:34:45,560| In method AdministrationService.saveGlobalProperty. Arguments: GlobalProperty=property: uiframework.mandatory value: false, 
INFO - LoggingAdvice.invoke(157) |2022-08-11T17:34:45,562| Exiting method saveGlobalProperty
INFO - LoggingAdvice.invoke(117) |2022-08-11T17:34:45,677| In method AdministrationService.saveGlobalProperty. Arguments: GlobalProperty=property: uicommons.started value: true, 
INFO - LoggingAdvice.invoke(157) |2022-08-11T17:34:45,679| Exiting method saveGlobalProperty
INFO - LoggingAdvice.invoke(117) |2022-08-11T17:34:45,682| In method AdministrationService.saveGlobalProperty. Arguments: GlobalProperty=property: uicommons.mandatory value: false, 
INFO - LoggingAdvice.invoke(157) |2022-08-11T17:34:45,684| Exiting method saveGlobalProperty
INFO - LoggingAdvice.invoke(117) |2022-08-11T17:34:45,696| In method AdministrationService.saveGlobalProperty. Arguments: GlobalProperty=property: htmlwidgets.started value: true, 
INFO - LoggingAdvice.invoke(157) |2022-08-11T17:34:45,697| Exiting method saveGlobalProperty
INFO - LoggingAdvice.invoke(117) |2022-08-11T17:34:45,699| In method AdministrationService.saveGlobalProperty. Arguments: GlobalProperty=property: htmlwidgets.mandatory value: false, 
INFO - LoggingAdvice.invoke(157) |2022-08-11T17:34:45,700| Exiting method saveGlobalProperty
INFO - LoggingAdvice.invoke(117) |2022-08-11T17:34:45,797| In method AdministrationService.saveGlobalProperty. Arguments: GlobalProperty=property: addresshierarchy.started value: true, 
INFO - LoggingAdvice.invoke(157) |2022-08-11T17:34:45,798| Exiting method saveGlobalProperty
INFO - LoggingAdvice.invoke(117) |2022-08-11T17:34:45,800| In method AdministrationService.saveGlobalProperty. Arguments: GlobalProperty=property: addresshierarchy.mandatory value: false, 
INFO - LoggingAdvice.invoke(157) |2022-08-11T17:34:45,801| Exiting method saveGlobalProperty
INFO - LoggingAdvice.invoke(117) |2022-08-11T17:34:45,831| In method AdministrationService.saveGlobalProperty. Arguments: GlobalProperty=property: owa.started value: true, 
INFO - LoggingAdvice.invoke(157) |2022-08-11T17:34:45,833| Exiting method saveGlobalProperty
INFO - LoggingAdvice.invoke(117) |2022-08-11T17:34:45,835| In method AdministrationService.saveGlobalProperty. Arguments: GlobalProperty=property: owa.mandatory value: false, 
INFO - LoggingAdvice.invoke(157) |2022-08-11T17:34:45,837| Exiting method saveGlobalProperty
INFO - LoggingAdvice.invoke(117) |2022-08-11T17:34:45,973| In method AdministrationService.saveGlobalProperty. Arguments: GlobalProperty=property: openconceptlab.started value: true, 
INFO - LoggingAdvice.invoke(157) |2022-08-11T17:34:45,975| Exiting method saveGlobalProperty
INFO - LoggingAdvice.invoke(117) |2022-08-11T17:34:45,978| In method AdministrationService.saveGlobalProperty. Arguments: GlobalProperty=property: openconceptlab.mandatory value: false, 
INFO - LoggingAdvice.invoke(157) |2022-08-11T17:34:45,980| Exiting method saveGlobalProperty
INFO - LoggingAdvice.invoke(117) |2022-08-11T17:34:46,106| In method AdministrationService.saveGlobalProperty. Arguments: GlobalProperty=property: metadatamapping.started value: true, 
INFO - LoggingAdvice.invoke(157) |2022-08-11T17:34:46,107| Exiting method saveGlobalProperty
INFO - LoggingAdvice.invoke(117) |2022-08-11T17:34:46,109| In method AdministrationService.saveGlobalProperty. Arguments: GlobalProperty=property: metadatamapping.mandatory value: false, 
INFO - LoggingAdvice.invoke(157) |2022-08-11T17:34:46,111| Exiting method saveGlobalProperty
INFO - LoggingAdvice.invoke(117) |2022-08-11T17:34:46,214| In method AdministrationService.saveGlobalProperty. Arguments: GlobalProperty=property: metadatasharing.started value: true, 
INFO - LoggingAdvice.invoke(157) |2022-08-11T17:34:46,215| Exiting method saveGlobalProperty
INFO - LoggingAdvice.invoke(117) |2022-08-11T17:34:46,217| In method AdministrationService.saveGlobalProperty. Arguments: GlobalProperty=property: metadatasharing.mandatory value: false, 
INFO - LoggingAdvice.invoke(157) |2022-08-11T17:34:46,218| Exiting method saveGlobalProperty
INFO - LoggingAdvice.invoke(117) |2022-08-11T17:34:46,343| In method AdministrationService.saveGlobalProperty. Arguments: GlobalProperty=property: htmlformentry.started value: true, 
INFO - LoggingAdvice.invoke(157) |2022-08-11T17:34:46,345| Exiting method saveGlobalProperty
INFO - LoggingAdvice.invoke(117) |2022-08-11T17:34:46,347| In method AdministrationService.saveGlobalProperty. Arguments: GlobalProperty=property: htmlformentry.mandatory value: false, 
INFO - LoggingAdvice.invoke(157) |2022-08-11T17:34:46,349| Exiting method saveGlobalProperty
INFO - LoggingAdvice.invoke(117) |2022-08-11T17:34:46,490| In method AdministrationService.saveGlobalProperty. Arguments: GlobalProperty=property: initializer.started value: true, 
INFO - LoggingAdvice.invoke(157) |2022-08-11T17:34:46,491| Exiting method saveGlobalProperty
INFO - LoggingAdvice.invoke(117) |2022-08-11T17:34:46,493| In method AdministrationService.saveGlobalProperty. Arguments: GlobalProperty=property: initializer.mandatory value: false, 
INFO - LoggingAdvice.invoke(157) |2022-08-11T17:34:46,495| Exiting method saveGlobalProperty
INFO - LoggingAdvice.invoke(117) |2022-08-11T17:34:46,569| In method AdministrationService.saveGlobalProperty. Arguments: GlobalProperty=property: calculation.started value: true, 
INFO - LoggingAdvice.invoke(157) |2022-08-11T17:34:46,571| Exiting method saveGlobalProperty
INFO - LoggingAdvice.invoke(117) |2022-08-11T17:34:46,573| In method AdministrationService.saveGlobalProperty. Arguments: GlobalProperty=property: calculation.mandatory value: false, 
INFO - LoggingAdvice.invoke(157) |2022-08-11T17:34:46,574| Exiting method saveGlobalProperty
INFO - LoggingAdvice.invoke(117) |2022-08-11T17:34:46,848| In method AdministrationService.saveGlobalProperty. Arguments: GlobalProperty=property: reporting.started value: true, 
INFO - LoggingAdvice.invoke(157) |2022-08-11T17:34:46,850| Exiting method saveGlobalProperty
INFO - LoggingAdvice.invoke(117) |2022-08-11T17:34:46,852| In method AdministrationService.saveGlobalProperty. Arguments: GlobalProperty=property: reporting.mandatory value: false, 
INFO - LoggingAdvice.invoke(157) |2022-08-11T17:34:46,853| Exiting method saveGlobalProperty
INFO - LoggingAdvice.invoke(117) |2022-08-11T17:34:46,970| In method AdministrationService.saveGlobalProperty. Arguments: GlobalProperty=property: reportingrest.started value: true, 
INFO - LoggingAdvice.invoke(157) |2022-08-11T17:34:46,971| Exiting method saveGlobalProperty
INFO - LoggingAdvice.invoke(117) |2022-08-11T17:34:46,973| In method AdministrationService.saveGlobalProperty. Arguments: GlobalProperty=property: reportingrest.mandatory value: false, 
INFO - LoggingAdvice.invoke(157) |2022-08-11T17:34:46,974| Exiting method saveGlobalProperty
INFO - LoggingAdvice.invoke(117) |2022-08-11T17:34:47,043| In method AdministrationService.saveGlobalProperty. Arguments: GlobalProperty=property: ohrireports.started value: true, 
INFO - LoggingAdvice.invoke(157) |2022-08-11T17:34:47,045| Exiting method saveGlobalProperty
INFO - LoggingAdvice.invoke(117) |2022-08-11T17:34:47,046| In method AdministrationService.saveGlobalProperty. Arguments: GlobalProperty=property: ohrireports.mandatory value: false, 
INFO - LoggingAdvice.invoke(157) |2022-08-11T17:34:47,048| Exiting method saveGlobalProperty
INFO - LoggingAdvice.invoke(117) |2022-08-11T17:34:47,132| In method AdministrationService.saveGlobalProperty. Arguments: GlobalProperty=property: appframework.started value: true, 
INFO - LoggingAdvice.invoke(157) |2022-08-11T17:34:47,133| Exiting method saveGlobalProperty
INFO - LoggingAdvice.invoke(117) |2022-08-11T17:34:47,135| In method AdministrationService.saveGlobalProperty. Arguments: GlobalProperty=property: appframework.mandatory value: false, 
INFO - LoggingAdvice.invoke(157) |2022-08-11T17:34:47,136| Exiting method saveGlobalProperty
INFO - LoggingAdvice.invoke(117) |2022-08-11T17:34:47,215| In method AdministrationService.saveGlobalProperty. Arguments: GlobalProperty=property: appui.started value: true, 
INFO - LoggingAdvice.invoke(157) |2022-08-11T17:34:47,216| Exiting method saveGlobalProperty
INFO - LoggingAdvice.invoke(117) |2022-08-11T17:34:47,218| In method AdministrationService.saveGlobalProperty. Arguments: GlobalProperty=property: appui.mandatory value: false, 
INFO - LoggingAdvice.invoke(157) |2022-08-11T17:34:47,219| Exiting method saveGlobalProperty
INFO - LoggingAdvice.invoke(117) |2022-08-11T17:34:47,545| In method SchedulerService.saveToMemento. Arguments: 
INFO - LoggingAdvice.invoke(157) |2022-08-11T17:34:47,556| Exiting method saveToMemento
INFO - EhCacheManagerFactoryBean.destroy(192) |2022-08-11T17:34:47,584| Shutting down EhCache CacheManager
INFO - ServiceContext.startRefreshingContext(822) |2022-08-11T17:34:47,585| Refreshing Context
INFO - ServiceContext.doneRefreshingContext(833) |2022-08-11T17:35:00,163| Done refreshing Context
INFO - ServiceContext.startRefreshingContext(822) |2022-08-11T17:36:38,764| Refreshing Context
INFO - ServiceContext.doneRefreshingContext(833) |2022-08-11T17:36:47,442| Done refreshing Context
INFO - ServiceContext.startRefreshingContext(822) |2022-08-11T17:41:09,346| Refreshing Context
INFO - ServiceContext.doneRefreshingContext(833) |2022-08-11T17:41:19,425| Done refreshing Context
