INFO - LoggingAdvice.invoke(117) |2022-08-11T14:51:18,742| In method AdministrationService.saveGlobalProperty. Arguments: GlobalProperty=property: legacyui.started value: true, 
INFO - LoggingAdvice.invoke(157) |2022-08-11T14:51:18,772| Exiting method saveGlobalProperty
INFO - LoggingAdvice.invoke(117) |2022-08-11T14:51:18,775| In method AdministrationService.saveGlobalProperty. Arguments: GlobalProperty=property: legacyui.mandatory value: false, 
INFO - LoggingAdvice.invoke(157) |2022-08-11T14:51:18,778| Exiting method saveGlobalProperty
INFO - LoggingAdvice.invoke(117) |2022-08-11T14:51:18,928| In method AdministrationService.saveGlobalProperty. Arguments: GlobalProperty=property: ohricore.started value: true, 
INFO - LoggingAdvice.invoke(157) |2022-08-11T14:51:18,930| Exiting method saveGlobalProperty
INFO - LoggingAdvice.invoke(117) |2022-08-11T14:51:18,933| In method AdministrationService.saveGlobalProperty. Arguments: GlobalProperty=property: ohricore.mandatory value: false, 
INFO - LoggingAdvice.invoke(157) |2022-08-11T14:51:18,936| Exiting method saveGlobalProperty
INFO - LoggingAdvice.invoke(117) |2022-08-11T14:51:19,371| In method AdministrationService.saveGlobalProperty. Arguments: GlobalProperty=property: fhir2.started value: true, 
INFO - LoggingAdvice.invoke(157) |2022-08-11T14:51:19,376| Exiting method saveGlobalProperty
INFO - LoggingAdvice.invoke(117) |2022-08-11T14:51:19,383| In method AdministrationService.saveGlobalProperty. Arguments: GlobalProperty=property: fhir2.mandatory value: false, 
INFO - LoggingAdvice.invoke(157) |2022-08-11T14:51:19,386| Exiting method saveGlobalProperty
INFO - LoggingAdvice.invoke(117) |2022-08-11T14:51:19,430| In method AdministrationService.saveGlobalProperty. Arguments: GlobalProperty=property: spa.started value: true, 
INFO - LoggingAdvice.invoke(157) |2022-08-11T14:51:19,433| Exiting method saveGlobalProperty
INFO - LoggingAdvice.invoke(117) |2022-08-11T14:51:19,436| In method AdministrationService.saveGlobalProperty. Arguments: GlobalProperty=property: spa.mandatory value: false, 
INFO - LoggingAdvice.invoke(157) |2022-08-11T14:51:19,441| Exiting method saveGlobalProperty
INFO - LoggingAdvice.invoke(117) |2022-08-11T14:51:19,484| In method AdministrationService.saveGlobalProperty. Arguments: GlobalProperty=property: reportingcompatibility.started value: true, 
INFO - LoggingAdvice.invoke(157) |2022-08-11T14:51:19,487| Exiting method saveGlobalProperty
INFO - LoggingAdvice.invoke(117) |2022-08-11T14:51:19,490| In method AdministrationService.saveGlobalProperty. Arguments: GlobalProperty=property: reportingcompatibility.mandatory value: false, 
INFO - LoggingAdvice.invoke(157) |2022-08-11T14:51:19,491| Exiting method saveGlobalProperty
INFO - LoggingAdvice.invoke(117) |2022-08-11T14:51:19,590| In method AdministrationService.saveGlobalProperty. Arguments: GlobalProperty=property: webservices.rest.started value: true, 
INFO - LoggingAdvice.invoke(157) |2022-08-11T14:51:19,592| Exiting method saveGlobalProperty
INFO - LoggingAdvice.invoke(117) |2022-08-11T14:51:19,595| In method AdministrationService.saveGlobalProperty. Arguments: GlobalProperty=property: webservices.rest.mandatory value: false, 
INFO - LoggingAdvice.invoke(157) |2022-08-11T14:51:19,597| Exiting method saveGlobalProperty
INFO - LoggingAdvice.invoke(117) |2022-08-11T14:51:19,710| In method AdministrationService.saveGlobalProperty. Arguments: GlobalProperty=property: cohort.started value: true, 
INFO - LoggingAdvice.invoke(157) |2022-08-11T14:51:19,712| Exiting method saveGlobalProperty
INFO - LoggingAdvice.invoke(117) |2022-08-11T14:51:19,715| In method AdministrationService.saveGlobalProperty. Arguments: GlobalProperty=property: cohort.mandatory value: false, 
INFO - LoggingAdvice.invoke(157) |2022-08-11T14:51:19,717| Exiting method saveGlobalProperty
INFO - LoggingAdvice.invoke(117) |2022-08-11T14:51:19,732| In method AdministrationService.saveGlobalProperty. Arguments: GlobalProperty=property: serialization.xstream.started value: true, 
INFO - LoggingAdvice.invoke(157) |2022-08-11T14:51:19,733| Exiting method saveGlobalProperty
INFO - LoggingAdvice.invoke(117) |2022-08-11T14:51:19,737| In method AdministrationService.saveGlobalProperty. Arguments: GlobalProperty=property: serialization.xstream.mandatory value: false, 
INFO - LoggingAdvice.invoke(157) |2022-08-11T14:51:19,740| Exiting method saveGlobalProperty
INFO - LoggingAdvice.invoke(117) |2022-08-11T14:51:19,847| In method AdministrationService.saveGlobalProperty. Arguments: GlobalProperty=property: uiframework.started value: true, 
INFO - LoggingAdvice.invoke(157) |2022-08-11T14:51:19,849| Exiting method saveGlobalProperty
INFO - LoggingAdvice.invoke(117) |2022-08-11T14:51:19,852| In method AdministrationService.saveGlobalProperty. Arguments: GlobalProperty=property: uiframework.mandatory value: false, 
INFO - LoggingAdvice.invoke(157) |2022-08-11T14:51:19,854| Exiting method saveGlobalProperty
INFO - LoggingAdvice.invoke(117) |2022-08-11T14:51:19,968| In method AdministrationService.saveGlobalProperty. Arguments: GlobalProperty=property: uicommons.started value: true, 
INFO - LoggingAdvice.invoke(157) |2022-08-11T14:51:19,971| Exiting method saveGlobalProperty
INFO - LoggingAdvice.invoke(117) |2022-08-11T14:51:19,974| In method AdministrationService.saveGlobalProperty. Arguments: GlobalProperty=property: uicommons.mandatory value: false, 
INFO - LoggingAdvice.invoke(157) |2022-08-11T14:51:19,977| Exiting method saveGlobalProperty
INFO - LoggingAdvice.invoke(117) |2022-08-11T14:51:20,072| In method AdministrationService.saveGlobalProperty. Arguments: GlobalProperty=property: addresshierarchy.started value: true, 
INFO - LoggingAdvice.invoke(157) |2022-08-11T14:51:20,074| Exiting method saveGlobalProperty
INFO - LoggingAdvice.invoke(117) |2022-08-11T14:51:20,077| In method AdministrationService.saveGlobalProperty. Arguments: GlobalProperty=property: addresshierarchy.mandatory value: false, 
INFO - LoggingAdvice.invoke(157) |2022-08-11T14:51:20,079| Exiting method saveGlobalProperty
INFO - LoggingAdvice.invoke(117) |2022-08-11T14:51:20,123| In method AdministrationService.saveGlobalProperty. Arguments: GlobalProperty=property: htmlwidgets.started value: true, 
INFO - LoggingAdvice.invoke(157) |2022-08-11T14:51:20,125| Exiting method saveGlobalProperty
INFO - LoggingAdvice.invoke(117) |2022-08-11T14:51:20,127| In method AdministrationService.saveGlobalProperty. Arguments: GlobalProperty=property: htmlwidgets.mandatory value: false, 
INFO - LoggingAdvice.invoke(157) |2022-08-11T14:51:20,129| Exiting method saveGlobalProperty
INFO - LoggingAdvice.invoke(117) |2022-08-11T14:51:20,143| In method AdministrationService.saveGlobalProperty. Arguments: GlobalProperty=property: owa.started value: true, 
INFO - LoggingAdvice.invoke(157) |2022-08-11T14:51:20,145| Exiting method saveGlobalProperty
INFO - LoggingAdvice.invoke(117) |2022-08-11T14:51:20,148| In method AdministrationService.saveGlobalProperty. Arguments: GlobalProperty=property: owa.mandatory value: false, 
INFO - LoggingAdvice.invoke(157) |2022-08-11T14:51:20,150| Exiting method saveGlobalProperty
INFO - LoggingAdvice.invoke(117) |2022-08-11T14:51:20,288| In method AdministrationService.saveGlobalProperty. Arguments: GlobalProperty=property: openconceptlab.started value: true, 
INFO - LoggingAdvice.invoke(157) |2022-08-11T14:51:20,290| Exiting method saveGlobalProperty
INFO - LoggingAdvice.invoke(117) |2022-08-11T14:51:20,292| In method AdministrationService.saveGlobalProperty. Arguments: GlobalProperty=property: openconceptlab.mandatory value: false, 
INFO - LoggingAdvice.invoke(157) |2022-08-11T14:51:20,294| Exiting method saveGlobalProperty
INFO - LoggingAdvice.invoke(117) |2022-08-11T14:51:20,431| In method AdministrationService.saveGlobalProperty. Arguments: GlobalProperty=property: metadatamapping.started value: true, 
INFO - LoggingAdvice.invoke(157) |2022-08-11T14:51:20,433| Exiting method saveGlobalProperty
INFO - LoggingAdvice.invoke(117) |2022-08-11T14:51:20,436| In method AdministrationService.saveGlobalProperty. Arguments: GlobalProperty=property: metadatamapping.mandatory value: false, 
INFO - LoggingAdvice.invoke(157) |2022-08-11T14:51:20,437| Exiting method saveGlobalProperty
INFO - LoggingAdvice.invoke(117) |2022-08-11T14:51:20,547| In method AdministrationService.saveGlobalProperty. Arguments: GlobalProperty=property: metadatasharing.started value: true, 
INFO - LoggingAdvice.invoke(157) |2022-08-11T14:51:20,548| Exiting method saveGlobalProperty
INFO - LoggingAdvice.invoke(117) |2022-08-11T14:51:20,551| In method AdministrationService.saveGlobalProperty. Arguments: GlobalProperty=property: metadatasharing.mandatory value: false, 
INFO - LoggingAdvice.invoke(157) |2022-08-11T14:51:20,553| Exiting method saveGlobalProperty
INFO - LoggingAdvice.invoke(117) |2022-08-11T14:51:20,745| In method AdministrationService.saveGlobalProperty. Arguments: GlobalProperty=property: htmlformentry.started value: true, 
INFO - LoggingAdvice.invoke(157) |2022-08-11T14:51:20,747| Exiting method saveGlobalProperty
INFO - LoggingAdvice.invoke(117) |2022-08-11T14:51:20,750| In method AdministrationService.saveGlobalProperty. Arguments: GlobalProperty=property: htmlformentry.mandatory value: false, 
INFO - LoggingAdvice.invoke(157) |2022-08-11T14:51:20,752| Exiting method saveGlobalProperty
INFO - LoggingAdvice.invoke(117) |2022-08-11T14:51:20,894| In method AdministrationService.saveGlobalProperty. Arguments: GlobalProperty=property: initializer.started value: true, 
INFO - LoggingAdvice.invoke(157) |2022-08-11T14:51:20,897| Exiting method saveGlobalProperty
INFO - LoggingAdvice.invoke(117) |2022-08-11T14:51:20,900| In method AdministrationService.saveGlobalProperty. Arguments: GlobalProperty=property: initializer.mandatory value: false, 
INFO - LoggingAdvice.invoke(157) |2022-08-11T14:51:20,902| Exiting method saveGlobalProperty
INFO - LoggingAdvice.invoke(117) |2022-08-11T14:51:21,022| In method AdministrationService.saveGlobalProperty. Arguments: GlobalProperty=property: calculation.started value: true, 
INFO - LoggingAdvice.invoke(157) |2022-08-11T14:51:21,023| Exiting method saveGlobalProperty
INFO - LoggingAdvice.invoke(117) |2022-08-11T14:51:21,025| In method AdministrationService.saveGlobalProperty. Arguments: GlobalProperty=property: calculation.mandatory value: false, 
INFO - LoggingAdvice.invoke(157) |2022-08-11T14:51:21,027| Exiting method saveGlobalProperty
INFO - LoggingAdvice.invoke(117) |2022-08-11T14:51:21,272| In method AdministrationService.saveGlobalProperty. Arguments: GlobalProperty=property: reporting.started value: true, 
INFO - LoggingAdvice.invoke(157) |2022-08-11T14:51:21,274| Exiting method saveGlobalProperty
INFO - LoggingAdvice.invoke(117) |2022-08-11T14:51:21,276| In method AdministrationService.saveGlobalProperty. Arguments: GlobalProperty=property: reporting.mandatory value: false, 
INFO - LoggingAdvice.invoke(157) |2022-08-11T14:51:21,278| Exiting method saveGlobalProperty
INFO - LoggingAdvice.invoke(117) |2022-08-11T14:51:21,438| In method AdministrationService.saveGlobalProperty. Arguments: GlobalProperty=property: reportingrest.started value: true, 
INFO - LoggingAdvice.invoke(157) |2022-08-11T14:51:21,440| Exiting method saveGlobalProperty
INFO - LoggingAdvice.invoke(117) |2022-08-11T14:51:21,442| In method AdministrationService.saveGlobalProperty. Arguments: GlobalProperty=property: reportingrest.mandatory value: false, 
INFO - LoggingAdvice.invoke(157) |2022-08-11T14:51:21,443| Exiting method saveGlobalProperty
INFO - LoggingAdvice.invoke(117) |2022-08-11T14:51:21,590| In method AdministrationService.saveGlobalProperty. Arguments: GlobalProperty=property: ohrireports.started value: true, 
INFO - LoggingAdvice.invoke(157) |2022-08-11T14:51:21,593| Exiting method saveGlobalProperty
INFO - LoggingAdvice.invoke(117) |2022-08-11T14:51:21,595| In method AdministrationService.saveGlobalProperty. Arguments: GlobalProperty=property: ohrireports.mandatory value: false, 
INFO - LoggingAdvice.invoke(157) |2022-08-11T14:51:21,597| Exiting method saveGlobalProperty
INFO - LoggingAdvice.invoke(117) |2022-08-11T14:51:21,695| In method AdministrationService.saveGlobalProperty. Arguments: GlobalProperty=property: appframework.started value: true, 
INFO - LoggingAdvice.invoke(157) |2022-08-11T14:51:21,700| Exiting method saveGlobalProperty
INFO - LoggingAdvice.invoke(117) |2022-08-11T14:51:21,703| In method AdministrationService.saveGlobalProperty. Arguments: GlobalProperty=property: appframework.mandatory value: false, 
INFO - LoggingAdvice.invoke(157) |2022-08-11T14:51:21,706| Exiting method saveGlobalProperty
INFO - LoggingAdvice.invoke(117) |2022-08-11T14:51:21,822| In method AdministrationService.saveGlobalProperty. Arguments: GlobalProperty=property: appui.started value: true, 
INFO - LoggingAdvice.invoke(157) |2022-08-11T14:51:21,823| Exiting method saveGlobalProperty
INFO - LoggingAdvice.invoke(117) |2022-08-11T14:51:21,825| In method AdministrationService.saveGlobalProperty. Arguments: GlobalProperty=property: appui.mandatory value: false, 
INFO - LoggingAdvice.invoke(157) |2022-08-11T14:51:21,826| Exiting method saveGlobalProperty
INFO - LoggingAdvice.invoke(117) |2022-08-11T14:51:22,080| In method SchedulerService.saveToMemento. Arguments: 
INFO - LoggingAdvice.invoke(157) |2022-08-11T14:51:22,090| Exiting method saveToMemento
INFO - EhCacheManagerFactoryBean.destroy(192) |2022-08-11T14:51:22,122| Shutting down EhCache CacheManager
INFO - ServiceContext.startRefreshingContext(822) |2022-08-11T14:51:22,124| Refreshing Context
INFO - ServiceContext.doneRefreshingContext(833) |2022-08-11T14:51:33,459| Done refreshing Context
INFO - ServiceContext.startRefreshingContext(822) |2022-08-11T14:58:34,322| Refreshing Context
INFO - ServiceContext.doneRefreshingContext(833) |2022-08-11T14:58:42,643| Done refreshing Context
